<?xml version="1.0" encoding="UTF-8"?>
<!-- Generated by org.testng.reporters.JUnitReportReporter -->
<testsuite skipped="0" hostname="WL2781-0053163" name="testCases.LoginTestCase" tests="1" failures="0" timestamp="2022-01-29T04:33:47 IST" time="36.520" errors="0">
  <testcase name="loginWithCorrectData" time="36.520" classname="testCases.LoginTestCase"/>
  <system-out/>
</testsuite> <!-- testCases.LoginTestCase -->
