<?xml version="1.0" encoding="UTF-8"?>
<!-- Generated by org.testng.reporters.JUnitReportReporter -->
<testsuite skipped="0" hostname="WL2781-0053163" name="testCases.E2ETest" tests="1" failures="0" timestamp="29 Jan 2022 12:41:09 GMT" time="39.503" errors="0">
  <testcase name="e2eTest" time="39.503" classname="testCases.E2ETest"/>
</testsuite> <!-- testCases.E2ETest -->
